<?xml version="1.0" encoding="UTF-8"?>
<!-- Generated by org.testng.reporters.JUnitReportReporter -->
<testsuite hostname="LAPTOP-AFHHBF14" failures="0" tests="1" name="Module1_Login_Test.SwagLabs_TestNG_TestClass" time="7.829" errors="0" timestamp="2024-11-27T10:10:15 IST" skipped="0">
  <testcase classname="Module1_Login_Test.SwagLabs_TestNG_TestClass" name="TCVerifyLogoText" time="7.829"/>
  <system-out/>
</testsuite> <!-- Module1_Login_Test.SwagLabs_TestNG_TestClass -->
